2016-11-15 10:52:56 296 4914E02	20161115105256	000000	监控室确认超时时间：30秒
2016-11-15 10:52:56 341 监控室控制模块监听端口：sun.nio.ch.ServerSocketChannelImpl[/0:0:0:0:0:0:0:0:55557]
2016-11-15 10:53:00 204 请求入口图片控制模块监听端口：sun.nio.ch.ServerSocketChannelImpl[/0:0:0:0:0:0:0:0:55558]
2016-11-15 10:53:00 290 不启用路径识别服务器
2016-11-15 10:53:39 062 4914X02	20161115105339	000000	监控室确认超时时间：30秒
2016-11-15 10:53:39 080 监控室控制模块监听端口：sun.nio.ch.ServerSocketChannelImpl[/0:0:0:0:0:0:0:0:55557]
2016-11-15 10:53:41 656 请求入口图片控制模块监听端口：sun.nio.ch.ServerSocketChannelImpl[/0:0:0:0:0:0:0:0:55558]
2016-11-15 10:53:41 698 不启用路径识别服务器
2016-11-15 10:55:39 439 4914X02	20161115105539	000000	监控室确认超时时间：30秒
2016-11-15 10:55:39 560 监控室控制模块监听端口：sun.nio.ch.ServerSocketChannelImpl[/0:0:0:0:0:0:0:0:55557]
2016-11-15 10:55:42 213 请求入口图片控制模块监听端口：sun.nio.ch.ServerSocketChannelImpl[/0:0:0:0:0:0:0:0:55558]
2016-11-15 10:55:42 230 不启用路径识别服务器
2016-11-15 10:55:42 611 Property 'timezoneOffset' of class java.util.Date has no write method. SKIPPED.
2016-11-15 10:55:42 612 Property 'day' of class java.util.Date has no write method. SKIPPED.
2016-11-15 10:55:42 612 Property 'timezoneOffset' of class java.util.Date has no write method. SKIPPED.
2016-11-15 10:55:42 613 Property 'day' of class java.util.Date has no write method. SKIPPED.
2016-11-15 10:55:42 615 Property 'timezoneOffset' of class java.util.Date has no write method. SKIPPED.
2016-11-15 10:55:42 616 Property 'day' of class java.util.Date has no write method. SKIPPED.
2016-11-15 10:55:42 732 Property 'timezoneOffset' of class java.util.Date has no write method. SKIPPED.
2016-11-15 10:55:42 732 Property 'day' of class java.util.Date has no write method. SKIPPED.
2016-11-15 10:55:42 733 Property 'timezoneOffset' of class java.util.Date has no write method. SKIPPED.
2016-11-15 10:55:42 734 Property 'day' of class java.util.Date has no write method. SKIPPED.
2016-11-15 10:55:42 735 Property 'timezoneOffset' of class java.util.Date has no write method. SKIPPED.
2016-11-15 10:55:42 736 Property 'day' of class java.util.Date has no write method. SKIPPED.
2016-11-15 10:55:42 835 Property 'timezoneOffset' of class java.util.Date has no write method. SKIPPED.
2016-11-15 10:55:42 835 Property 'day' of class java.util.Date has no write method. SKIPPED.
2016-11-15 11:36:56 167 4914X02	20161115113656	000000	监控室确认超时时间：30秒
2016-11-15 11:36:56 192 监控室控制模块监听端口：sun.nio.ch.ServerSocketChannelImpl[/0:0:0:0:0:0:0:0:55557]
2016-11-15 11:36:58 905 请求入口图片控制模块监听端口：sun.nio.ch.ServerSocketChannelImpl[/0:0:0:0:0:0:0:0:55558]
2016-11-15 11:36:58 923 不启用路径识别服务器
2016-11-15 11:38:34 195 4914X02	20161115113834	000000	监控室确认超时时间：30秒
2016-11-15 11:38:34 569 监控室控制模块监听端口：sun.nio.ch.ServerSocketChannelImpl[/0:0:0:0:0:0:0:0:55557]
2016-11-15 11:38:36 734 请求入口图片控制模块监听端口：sun.nio.ch.ServerSocketChannelImpl[/0:0:0:0:0:0:0:0:55558]
2016-11-15 11:38:36 759 不启用路径识别服务器
